Classic Timing Analyzer report for task1
Thu Jan 04 14:29:52 2024
Quartus II Version 9.1 Build 350 03/24/2010 Service Pack 2 SJ Full Version


---------------------
; Table of Contents ;
---------------------
  1. Legal Notice
  2. Timing Analyzer Summary
  3. Timing Analyzer Settings
  4. Clock Settings Summary
  5. Parallel Compilation
  6. Clock Setup: 'clk'
  7. tsu
  8. tco
  9. tpd
 10. th
 11. Timing Analyzer Messages



----------------
; Legal Notice ;
----------------
Copyright (C) 1991-2010 Altera Corporation
Your use of Altera Corporation's design tools, logic functions 
and other software and tools, and its AMPP partner logic 
functions, and any output files from any of the foregoing 
(including device programming or simulation files), and any 
associated documentation or information are expressly subject 
to the terms and conditions of the Altera Program License 
Subscription Agreement, Altera MegaCore Function License 
Agreement, or other applicable license agreement, including, 
without limitation, that your use is for the sole purpose of 
programming logic devices manufactured by Altera and sold by 
Altera or its authorized distributors.  Please refer to the 
applicable agreement for further details.



+----------------------------------------------------------------------------------------------------------------------------------------------------------------------------------------------------+
; Timing Analyzer Summary                                                                                                                                                                            ;
+------------------------------+-------+---------------+----------------------------------+---------------------------------+---------------------------------+------------+----------+--------------+
; Type                         ; Slack ; Required Time ; Actual Time                      ; From                            ; To                              ; From Clock ; To Clock ; Failed Paths ;
+------------------------------+-------+---------------+----------------------------------+---------------------------------+---------------------------------+------------+----------+--------------+
; Worst-case tsu               ; N/A   ; None          ; 4.000 ns                         ; I[2]                            ; lpm_counter:state_rtl_0|dffs[2] ; --         ; clk      ; 0            ;
; Worst-case tco               ; N/A   ; None          ; 10.100 ns                        ; lpm_counter:state_rtl_0|dffs[2] ; Z[0]                            ; clk        ; --       ; 0            ;
; Worst-case tpd               ; N/A   ; None          ; 7.100 ns                         ; I[0]                            ; Z[0]                            ; --         ; --       ; 0            ;
; Worst-case th                ; N/A   ; None          ; -1.000 ns                        ; I[2]                            ; lpm_counter:state_rtl_0|dffs[2] ; --         ; clk      ; 0            ;
; Clock Setup: 'clk'           ; N/A   ; None          ; 123.46 MHz ( period = 8.100 ns ) ; lpm_counter:state_rtl_0|dffs[2] ; lpm_counter:state_rtl_0|dffs[2] ; clk        ; clk      ; 0            ;
; Total number of failed paths ;       ;               ;                                  ;                                 ;                                 ;            ;          ; 0            ;
+------------------------------+-------+---------------+----------------------------------+---------------------------------+---------------------------------+------------+----------+--------------+


+-----------------------------------------------------------------------------------------------------------------------------------------------------+
; Timing Analyzer Settings                                                                                                                            ;
+------------------------------------------------------------------------------------------------------+--------------------+------+----+-------------+
; Option                                                                                               ; Setting            ; From ; To ; Entity Name ;
+------------------------------------------------------------------------------------------------------+--------------------+------+----+-------------+
; Device Name                                                                                          ; EPM7032SLC44-6     ;      ;    ;             ;
; Timing Models                                                                                        ; Final              ;      ;    ;             ;
; Default hold multicycle                                                                              ; Same as Multicycle ;      ;    ;             ;
; Cut paths between unrelated clock domains                                                            ; On                 ;      ;    ;             ;
; Cut off read during write signal paths                                                               ; On                 ;      ;    ;             ;
; Cut off feedback from I/O pins                                                                       ; On                 ;      ;    ;             ;
; Report Combined Fast/Slow Timing                                                                     ; Off                ;      ;    ;             ;
; Ignore Clock Settings                                                                                ; Off                ;      ;    ;             ;
; Analyze latches as synchronous elements                                                              ; On                 ;      ;    ;             ;
; Enable Recovery/Removal analysis                                                                     ; Off                ;      ;    ;             ;
; Enable Clock Latency                                                                                 ; Off                ;      ;    ;             ;
; Use TimeQuest Timing Analyzer                                                                        ; Off                ;      ;    ;             ;
; Minimum Core Junction Temperature                                                                    ; 0                  ;      ;    ;             ;
; Maximum Core Junction Temperature                                                                    ; 85                 ;      ;    ;             ;
; Number of source nodes to report per destination node                                                ; 10                 ;      ;    ;             ;
; Number of destination nodes to report                                                                ; 10                 ;      ;    ;             ;
; Number of paths to report                                                                            ; 200                ;      ;    ;             ;
; Report Minimum Timing Checks                                                                         ; Off                ;      ;    ;             ;
; Use Fast Timing Models                                                                               ; Off                ;      ;    ;             ;
; Report IO Paths Separately                                                                           ; Off                ;      ;    ;             ;
; Perform Multicorner Analysis                                                                         ; Off                ;      ;    ;             ;
; Reports the worst-case path for each clock domain and analysis                                       ; Off                ;      ;    ;             ;
; Reports worst-case timing paths for each clock domain and analysis                                   ; On                 ;      ;    ;             ;
; Specifies the maximum number of worst-case timing paths to report for each clock domain and analysis ; 100                ;      ;    ;             ;
; Removes common clock path pessimism (CCPP) during slack computation                                  ; Off                ;      ;    ;             ;
; Output I/O Timing Endpoint                                                                           ; Near End           ;      ;    ;             ;
+------------------------------------------------------------------------------------------------------+--------------------+------+----+-------------+


+------------------------------------------------------------------------------------------------------------------------------------------------------------------------------------+
; Clock Settings Summary                                                                                                                                                             ;
+-----------------+--------------------+----------+------------------+---------------+--------------+----------+-----------------------+---------------------+--------+--------------+
; Clock Node Name ; Clock Setting Name ; Type     ; Fmax Requirement ; Early Latency ; Late Latency ; Based on ; Multiply Base Fmax by ; Divide Base Fmax by ; Offset ; Phase offset ;
+-----------------+--------------------+----------+------------------+---------------+--------------+----------+-----------------------+---------------------+--------+--------------+
; clk             ;                    ; User Pin ; None             ; 0.000 ns      ; 0.000 ns     ; --       ; N/A                   ; N/A                 ; N/A    ;              ;
+-----------------+--------------------+----------+------------------+---------------+--------------+----------+-----------------------+---------------------+--------+--------------+


+------------------------------------------+
; Parallel Compilation                     ;
+----------------------------+-------------+
; Processors                 ; Number      ;
+----------------------------+-------------+
; Number detected on machine ; 4           ;
; Maximum allowed            ; 4           ;
;                            ;             ;
; Average used               ; 1.00        ;
; Maximum used               ; 1           ;
;                            ;             ;
; Usage by Processor         ; % Time Used ;
;     1 processor            ; 100.0%      ;
;     2-4 processors         ;   0.0%      ;
+----------------------------+-------------+


+--------------------------------------------------------------------------------------------------------------------------------------------------------------------------------------------------------------------------+
; Clock Setup: 'clk'                                                                                                                                                                                                       ;
+-------+----------------------------------+---------------------------------+---------------------------------+------------+----------+-----------------------------+---------------------------+-------------------------+
; Slack ; Actual fmax (period)             ; From                            ; To                              ; From Clock ; To Clock ; Required Setup Relationship ; Required Longest P2P Time ; Actual Longest P2P Time ;
+-------+----------------------------------+---------------------------------+---------------------------------+------------+----------+-----------------------------+---------------------------+-------------------------+
; N/A   ; 123.46 MHz ( period = 8.100 ns ) ; lpm_counter:state_rtl_0|dffs[1] ; lpm_counter:state_rtl_0|dffs[2] ; clk        ; clk      ; None                        ; None                      ; 5.500 ns                ;
; N/A   ; 123.46 MHz ( period = 8.100 ns ) ; lpm_counter:state_rtl_0|dffs[2] ; lpm_counter:state_rtl_0|dffs[2] ; clk        ; clk      ; None                        ; None                      ; 5.500 ns                ;
; N/A   ; 142.86 MHz ( period = 7.000 ns ) ; lpm_counter:state_rtl_0|dffs[0] ; lpm_counter:state_rtl_0|dffs[0] ; clk        ; clk      ; None                        ; None                      ; 4.400 ns                ;
; N/A   ; 142.86 MHz ( period = 7.000 ns ) ; lpm_counter:state_rtl_0|dffs[0] ; lpm_counter:state_rtl_0|dffs[3] ; clk        ; clk      ; None                        ; None                      ; 4.400 ns                ;
; N/A   ; 142.86 MHz ( period = 7.000 ns ) ; lpm_counter:state_rtl_0|dffs[3] ; lpm_counter:state_rtl_0|dffs[3] ; clk        ; clk      ; None                        ; None                      ; 4.400 ns                ;
; N/A   ; 142.86 MHz ( period = 7.000 ns ) ; lpm_counter:state_rtl_0|dffs[1] ; lpm_counter:state_rtl_0|dffs[3] ; clk        ; clk      ; None                        ; None                      ; 4.400 ns                ;
; N/A   ; 142.86 MHz ( period = 7.000 ns ) ; lpm_counter:state_rtl_0|dffs[2] ; lpm_counter:state_rtl_0|dffs[3] ; clk        ; clk      ; None                        ; None                      ; 4.400 ns                ;
; N/A   ; 142.86 MHz ( period = 7.000 ns ) ; lpm_counter:state_rtl_0|dffs[0] ; lpm_counter:state_rtl_0|dffs[1] ; clk        ; clk      ; None                        ; None                      ; 4.400 ns                ;
; N/A   ; 142.86 MHz ( period = 7.000 ns ) ; lpm_counter:state_rtl_0|dffs[3] ; lpm_counter:state_rtl_0|dffs[1] ; clk        ; clk      ; None                        ; None                      ; 4.400 ns                ;
; N/A   ; 142.86 MHz ( period = 7.000 ns ) ; lpm_counter:state_rtl_0|dffs[1] ; lpm_counter:state_rtl_0|dffs[1] ; clk        ; clk      ; None                        ; None                      ; 4.400 ns                ;
; N/A   ; 142.86 MHz ( period = 7.000 ns ) ; lpm_counter:state_rtl_0|dffs[2] ; lpm_counter:state_rtl_0|dffs[1] ; clk        ; clk      ; None                        ; None                      ; 4.400 ns                ;
; N/A   ; 142.86 MHz ( period = 7.000 ns ) ; lpm_counter:state_rtl_0|dffs[0] ; lpm_counter:state_rtl_0|dffs[2] ; clk        ; clk      ; None                        ; None                      ; 4.400 ns                ;
; N/A   ; 142.86 MHz ( period = 7.000 ns ) ; lpm_counter:state_rtl_0|dffs[3] ; lpm_counter:state_rtl_0|dffs[2] ; clk        ; clk      ; None                        ; None                      ; 4.400 ns                ;
+-------+----------------------------------+---------------------------------+---------------------------------+------------+----------+-----------------------------+---------------------------+-------------------------+


+---------------------------------------------------------------------------------------+
; tsu                                                                                   ;
+-------+--------------+------------+------+---------------------------------+----------+
; Slack ; Required tsu ; Actual tsu ; From ; To                              ; To Clock ;
+-------+--------------+------------+------+---------------------------------+----------+
; N/A   ; None         ; 4.000 ns   ; I[0] ; lpm_counter:state_rtl_0|dffs[3] ; clk      ;
; N/A   ; None         ; 4.000 ns   ; I[0] ; lpm_counter:state_rtl_0|dffs[1] ; clk      ;
; N/A   ; None         ; 4.000 ns   ; I[0] ; lpm_counter:state_rtl_0|dffs[2] ; clk      ;
; N/A   ; None         ; 4.000 ns   ; I[1] ; lpm_counter:state_rtl_0|dffs[3] ; clk      ;
; N/A   ; None         ; 4.000 ns   ; I[1] ; lpm_counter:state_rtl_0|dffs[1] ; clk      ;
; N/A   ; None         ; 4.000 ns   ; I[1] ; lpm_counter:state_rtl_0|dffs[2] ; clk      ;
; N/A   ; None         ; 4.000 ns   ; I[3] ; lpm_counter:state_rtl_0|dffs[3] ; clk      ;
; N/A   ; None         ; 4.000 ns   ; I[3] ; lpm_counter:state_rtl_0|dffs[1] ; clk      ;
; N/A   ; None         ; 4.000 ns   ; I[3] ; lpm_counter:state_rtl_0|dffs[2] ; clk      ;
; N/A   ; None         ; 4.000 ns   ; I[2] ; lpm_counter:state_rtl_0|dffs[3] ; clk      ;
; N/A   ; None         ; 4.000 ns   ; I[2] ; lpm_counter:state_rtl_0|dffs[1] ; clk      ;
; N/A   ; None         ; 4.000 ns   ; I[2] ; lpm_counter:state_rtl_0|dffs[2] ; clk      ;
+-------+--------------+------------+------+---------------------------------+----------+


+-----------------------------------------------------------------------------------------+
; tco                                                                                     ;
+-------+--------------+------------+---------------------------------+------+------------+
; Slack ; Required tco ; Actual tco ; From                            ; To   ; From Clock ;
+-------+--------------+------------+---------------------------------+------+------------+
; N/A   ; None         ; 10.100 ns  ; lpm_counter:state_rtl_0|dffs[0] ; Z[1] ; clk        ;
; N/A   ; None         ; 10.100 ns  ; lpm_counter:state_rtl_0|dffs[3] ; Z[1] ; clk        ;
; N/A   ; None         ; 10.100 ns  ; lpm_counter:state_rtl_0|dffs[1] ; Z[1] ; clk        ;
; N/A   ; None         ; 10.100 ns  ; lpm_counter:state_rtl_0|dffs[2] ; Z[1] ; clk        ;
; N/A   ; None         ; 10.100 ns  ; lpm_counter:state_rtl_0|dffs[0] ; Z[0] ; clk        ;
; N/A   ; None         ; 10.100 ns  ; lpm_counter:state_rtl_0|dffs[1] ; Z[0] ; clk        ;
; N/A   ; None         ; 10.100 ns  ; lpm_counter:state_rtl_0|dffs[2] ; Z[0] ; clk        ;
; N/A   ; None         ; 9.000 ns   ; lpm_counter:state_rtl_0|dffs[3] ; Z[0] ; clk        ;
+-------+--------------+------------+---------------------------------+------+------------+


+-----------------------------------------------------------+
; tpd                                                       ;
+-------+-------------------+-----------------+------+------+
; Slack ; Required P2P Time ; Actual P2P Time ; From ; To   ;
+-------+-------------------+-----------------+------+------+
; N/A   ; None              ; 7.100 ns        ; I[1] ; Z[1] ;
; N/A   ; None              ; 7.100 ns        ; I[0] ; Z[1] ;
; N/A   ; None              ; 7.100 ns        ; I[1] ; Z[0] ;
; N/A   ; None              ; 7.100 ns        ; I[0] ; Z[0] ;
+-------+-------------------+-----------------+------+------+


+---------------------------------------------------------------------------------------------+
; th                                                                                          ;
+---------------+-------------+-----------+------+---------------------------------+----------+
; Minimum Slack ; Required th ; Actual th ; From ; To                              ; To Clock ;
+---------------+-------------+-----------+------+---------------------------------+----------+
; N/A           ; None        ; -1.000 ns ; I[0] ; lpm_counter:state_rtl_0|dffs[3] ; clk      ;
; N/A           ; None        ; -1.000 ns ; I[0] ; lpm_counter:state_rtl_0|dffs[1] ; clk      ;
; N/A           ; None        ; -1.000 ns ; I[0] ; lpm_counter:state_rtl_0|dffs[2] ; clk      ;
; N/A           ; None        ; -1.000 ns ; I[1] ; lpm_counter:state_rtl_0|dffs[3] ; clk      ;
; N/A           ; None        ; -1.000 ns ; I[1] ; lpm_counter:state_rtl_0|dffs[1] ; clk      ;
; N/A           ; None        ; -1.000 ns ; I[1] ; lpm_counter:state_rtl_0|dffs[2] ; clk      ;
; N/A           ; None        ; -1.000 ns ; I[3] ; lpm_counter:state_rtl_0|dffs[3] ; clk      ;
; N/A           ; None        ; -1.000 ns ; I[3] ; lpm_counter:state_rtl_0|dffs[1] ; clk      ;
; N/A           ; None        ; -1.000 ns ; I[3] ; lpm_counter:state_rtl_0|dffs[2] ; clk      ;
; N/A           ; None        ; -1.000 ns ; I[2] ; lpm_counter:state_rtl_0|dffs[3] ; clk      ;
; N/A           ; None        ; -1.000 ns ; I[2] ; lpm_counter:state_rtl_0|dffs[1] ; clk      ;
; N/A           ; None        ; -1.000 ns ; I[2] ; lpm_counter:state_rtl_0|dffs[2] ; clk      ;
+---------------+-------------+-----------+------+---------------------------------+----------+


+--------------------------+
; Timing Analyzer Messages ;
+--------------------------+
Info: *******************************************************************
Info: Running Quartus II Classic Timing Analyzer
    Info: Version 9.1 Build 350 03/24/2010 Service Pack 2 SJ Full Version
    Info: Processing started: Thu Jan 04 14:29:52 2024
Info: Command: quartus_tan --read_settings_files=off --write_settings_files=off task1 -c task1
Info: Parallel compilation is enabled and will use 4 of the 4 processors detected
Info: Started post-fitting delay annotation
Info: Delay annotation completed successfully
Warning: Timing Analysis does not support the analysis of latches as synchronous elements for the currently selected device family
Warning: Found pins functioning as undefined clocks and/or memory enables
    Info: Assuming node "clk" is an undefined clock
Info: Clock "clk" has Internal fmax of 123.46 MHz between source register "lpm_counter:state_rtl_0|dffs[1]" and destination register "lpm_counter:state_rtl_0|dffs[2]" (period= 8.1 ns)
    Info: + Longest register to register delay is 5.500 ns
        Info: 1: + IC(0.000 ns) + CELL(0.000 ns) = 0.000 ns; Loc. = LC9; Fanout = 25; REG Node = 'lpm_counter:state_rtl_0|dffs[1]'
        Info: 2: + IC(1.100 ns) + CELL(3.300 ns) = 4.400 ns; Loc. = LC1; Fanout = 1; COMB Node = 'lpm_counter:state_rtl_0|dffs[2]~21'
        Info: 3: + IC(0.000 ns) + CELL(1.100 ns) = 5.500 ns; Loc. = LC2; Fanout = 13; REG Node = 'lpm_counter:state_rtl_0|dffs[2]'
        Info: Total cell delay = 4.400 ns ( 80.00 % )
        Info: Total interconnect delay = 1.100 ns ( 20.00 % )
    Info: - Smallest clock skew is 0.000 ns
        Info: + Shortest clock path from clock "clk" to destination register is 1.600 ns
            Info: 1: + IC(0.000 ns) + CELL(1.300 ns) = 1.300 ns; Loc. = PIN_43; Fanout = 4; CLK Node = 'clk'
            Info: 2: + IC(0.000 ns) + CELL(0.300 ns) = 1.600 ns; Loc. = LC2; Fanout = 13; REG Node = 'lpm_counter:state_rtl_0|dffs[2]'
            Info: Total cell delay = 1.600 ns ( 100.00 % )
        Info: - Longest clock path from clock "clk" to source register is 1.600 ns
            Info: 1: + IC(0.000 ns) + CELL(1.300 ns) = 1.300 ns; Loc. = PIN_43; Fanout = 4; CLK Node = 'clk'
            Info: 2: + IC(0.000 ns) + CELL(0.300 ns) = 1.600 ns; Loc. = LC9; Fanout = 25; REG Node = 'lpm_counter:state_rtl_0|dffs[1]'
            Info: Total cell delay = 1.600 ns ( 100.00 % )
    Info: + Micro clock to output delay of source is 1.600 ns
    Info: + Micro setup delay of destination is 1.000 ns
Info: tsu for register "lpm_counter:state_rtl_0|dffs[3]" (data pin = "I[0]", clock pin = "clk") is 4.000 ns
    Info: + Longest pin to register delay is 4.600 ns
        Info: 1: + IC(0.000 ns) + CELL(0.200 ns) = 0.200 ns; Loc. = PIN_21; Fanout = 21; PIN Node = 'I[0]'
        Info: 2: + IC(1.100 ns) + CELL(3.300 ns) = 4.600 ns; Loc. = LC8; Fanout = 13; REG Node = 'lpm_counter:state_rtl_0|dffs[3]'
        Info: Total cell delay = 3.500 ns ( 76.09 % )
        Info: Total interconnect delay = 1.100 ns ( 23.91 % )
    Info: + Micro setup delay of destination is 1.000 ns
    Info: - Shortest clock path from clock "clk" to destination register is 1.600 ns
        Info: 1: + IC(0.000 ns) + CELL(1.300 ns) = 1.300 ns; Loc. = PIN_43; Fanout = 4; CLK Node = 'clk'
        Info: 2: + IC(0.000 ns) + CELL(0.300 ns) = 1.600 ns; Loc. = LC8; Fanout = 13; REG Node = 'lpm_counter:state_rtl_0|dffs[3]'
        Info: Total cell delay = 1.600 ns ( 100.00 % )
Info: tco from clock "clk" to destination pin "Z[1]" through register "lpm_counter:state_rtl_0|dffs[0]" is 10.100 ns
    Info: + Longest clock path from clock "clk" to source register is 1.600 ns
        Info: 1: + IC(0.000 ns) + CELL(1.300 ns) = 1.300 ns; Loc. = PIN_43; Fanout = 4; CLK Node = 'clk'
        Info: 2: + IC(0.000 ns) + CELL(0.300 ns) = 1.600 ns; Loc. = LC3; Fanout = 22; REG Node = 'lpm_counter:state_rtl_0|dffs[0]'
        Info: Total cell delay = 1.600 ns ( 100.00 % )
    Info: + Micro clock to output delay of source is 1.600 ns
    Info: + Longest register to pin delay is 6.900 ns
        Info: 1: + IC(0.000 ns) + CELL(0.000 ns) = 0.000 ns; Loc. = LC3; Fanout = 22; REG Node = 'lpm_counter:state_rtl_0|dffs[0]'
        Info: 2: + IC(1.100 ns) + CELL(3.300 ns) = 4.400 ns; Loc. = LC6; Fanout = 1; COMB Node = 'Mux2~22'
        Info: 3: + IC(0.000 ns) + CELL(2.200 ns) = 6.600 ns; Loc. = LC7; Fanout = 1; COMB Node = 'Mux2~21'
        Info: 4: + IC(0.000 ns) + CELL(0.300 ns) = 6.900 ns; Loc. = PIN_11; Fanout = 0; PIN Node = 'Z[1]'
        Info: Total cell delay = 5.800 ns ( 84.06 % )
        Info: Total interconnect delay = 1.100 ns ( 15.94 % )
Info: Longest tpd from source pin "I[1]" to destination pin "Z[1]" is 7.100 ns
    Info: 1: + IC(0.000 ns) + CELL(0.200 ns) = 0.200 ns; Loc. = PIN_33; Fanout = 17; PIN Node = 'I[1]'
    Info: 2: + IC(1.100 ns) + CELL(3.300 ns) = 4.600 ns; Loc. = LC6; Fanout = 1; COMB Node = 'Mux2~22'
    Info: 3: + IC(0.000 ns) + CELL(2.200 ns) = 6.800 ns; Loc. = LC7; Fanout = 1; COMB Node = 'Mux2~21'
    Info: 4: + IC(0.000 ns) + CELL(0.300 ns) = 7.100 ns; Loc. = PIN_11; Fanout = 0; PIN Node = 'Z[1]'
    Info: Total cell delay = 6.000 ns ( 84.51 % )
    Info: Total interconnect delay = 1.100 ns ( 15.49 % )
Info: th for register "lpm_counter:state_rtl_0|dffs[3]" (data pin = "I[0]", clock pin = "clk") is -1.000 ns
    Info: + Longest clock path from clock "clk" to destination register is 1.600 ns
        Info: 1: + IC(0.000 ns) + CELL(1.300 ns) = 1.300 ns; Loc. = PIN_43; Fanout = 4; CLK Node = 'clk'
        Info: 2: + IC(0.000 ns) + CELL(0.300 ns) = 1.600 ns; Loc. = LC8; Fanout = 13; REG Node = 'lpm_counter:state_rtl_0|dffs[3]'
        Info: Total cell delay = 1.600 ns ( 100.00 % )
    Info: + Micro hold delay of destination is 2.000 ns
    Info: - Shortest pin to register delay is 4.600 ns
        Info: 1: + IC(0.000 ns) + CELL(0.200 ns) = 0.200 ns; Loc. = PIN_21; Fanout = 21; PIN Node = 'I[0]'
        Info: 2: + IC(1.100 ns) + CELL(3.300 ns) = 4.600 ns; Loc. = LC8; Fanout = 13; REG Node = 'lpm_counter:state_rtl_0|dffs[3]'
        Info: Total cell delay = 3.500 ns ( 76.09 % )
        Info: Total interconnect delay = 1.100 ns ( 23.91 % )
Info: Quartus II Classic Timing Analyzer was successful. 0 errors, 2 warnings
    Info: Peak virtual memory: 172 megabytes
    Info: Processing ended: Thu Jan 04 14:29:52 2024
    Info: Elapsed time: 00:00:00
    Info: Total CPU time (on all processors): 00:00:00


